
> pkiop.github.io@0.0.0 dev /Users/pkiop/codes/pkiop.github.io/src/Backend
> tsc-watch --onSuccess " node dist/app.js" 

c11:29:25 PM - Starting compilation in watch mode...

node_modules/@types/webpack-dev-middleware/index.d.ts[36m(17,23): error TS2694: [39mNamespace 'exports' has no exported member 'ICompiler'.
node_modules/@types/webpack-dev-middleware/index.d.ts[36m(71,25): error TS2694: [39mNamespace 'exports' has no exported member 'Options'.
node_modules/@types/webpack-dev-middleware/index.d.ts[36m(73,32): error TS2694: [39mNamespace 'exports' has no exported member 'Options'.
node_modules/@types/webpack-hot-middleware/index.d.ts[36m(17,23): error TS2694: [39mNamespace 'exports' has no exported member 'ICompiler'.
node_modules/@types/webpack/index.d.ts[36m(32,3): error TS2305: [39mModule '"../../tapable/tapable"' has no exported member 'Tapable'.
node_modules/@types/webpack/index.d.ts[36m(999,23): error TS2314: [39mGeneric type 'SyncWaterfallHook<T>' requires 1 type argument(s).
node_modules/@types/webpack/index.d.ts[36m(1000,22): error TS2314: [39mGeneric type 'SyncWaterfallHook<T>' requires 1 type argument(s).
node_modules/@types/webpack/index.d.ts[36m(1001,28): error TS2314: [39mGeneric type 'AsyncSeriesWaterfallHook<T>' requires 1 type argument(s).
node_modules/@types/webpack/index.d.ts[36m(1002,27): error TS2314: [39mGeneric type 'AsyncSeriesWaterfallHook<T>' requires 1 type argument(s).
node_modules/@types/webpack/index.d.ts[36m(1003,27): error TS2314: [39mGeneric type 'SyncBailHook<T, R>' requires 2 type argument(s).
node_modules/@types/webpack/index.d.ts[36m(1004,21): error TS2314: [39mGeneric type 'SyncWaterfallHook<T>' requires 1 type argument(s).
node_modules/@types/webpack/index.d.ts[36m(1005,27): error TS2314: [39mGeneric type 'HookMap<H>' requires 1 type argument(s).
node_modules/@types/webpack/index.d.ts[36m(1007,30): error TS2314: [39mGeneric type 'HookMap<H>' requires 1 type argument(s).
node_modules/@types/webpack/index.d.ts[36m(1008,24): error TS2314: [39mGeneric type 'HookMap<H>' requires 1 type argument(s).
node_modules/@types/webpack/index.d.ts[36m(1017,33): error TS2314: [39mGeneric type 'HookMap<H>' requires 1 type argument(s).
node_modules/@types/webpack/index.d.ts[36m(1018,27): error TS2314: [39mGeneric type 'HookMap<H>' requires 1 type argument(s).
node_modules/@types/webpack/index.d.ts[36m(1019,37): error TS2314: [39mGeneric type 'HookMap<H>' requires 1 type argument(s).
node_modules/@types/webpack/index.d.ts[36m(1020,44): error TS2314: [39mGeneric type 'HookMap<H>' requires 1 type argument(s).
node_modules/@types/webpack/index.d.ts[36m(1021,47): error TS2314: [39mGeneric type 'HookMap<H>' requires 1 type argument(s).
node_modules/@types/webpack/index.d.ts[36m(1022,28): error TS2314: [39mGeneric type 'SyncBailHook<T, R>' requires 2 type argument(s).
node_modules/@types/webpack/index.d.ts[36m(1023,30): error TS2314: [39mGeneric type 'SyncBailHook<T, R>' requires 2 type argument(s).
node_modules/@types/webpack/index.d.ts[36m(1024,24): error TS2314: [39mGeneric type 'HookMap<H>' requires 1 type argument(s).
node_modules/@types/webpack/index.d.ts[36m(1025,25): error TS2314: [39mGeneric type 'SyncBailHook<T, R>' requires 2 type argument(s).
node_modules/@types/webpack/index.d.ts[36m(1026,34): error TS2314: [39mGeneric type 'SyncBailHook<T, R>' requires 2 type argument(s).
node_modules/@types/webpack/index.d.ts[36m(1027,25): error TS2314: [39mGeneric type 'SyncBailHook<T, R>' requires 2 type argument(s).
node_modules/@types/webpack/index.d.ts[36m(1028,31): error TS2314: [39mGeneric type 'SyncBailHook<T, R>' requires 2 type argument(s).
node_modules/@types/webpack/index.d.ts[36m(1029,36): error TS2314: [39mGeneric type 'SyncBailHook<T, R>' requires 2 type argument(s).
node_modules/@types/webpack/index.d.ts[36m(1030,35): error TS2314: [39mGeneric type 'SyncBailHook<T, R>' requires 2 type argument(s).
node_modules/@types/webpack/index.d.ts[36m(1031,34): error TS2314: [39mGeneric type 'SyncBailHook<T, R>' requires 2 type argument(s).
node_modules/@types/webpack/index.d.ts[36m(1032,40): error TS2314: [39mGeneric type 'SyncBailHook<T, R>' requires 2 type argument(s).
node_modules/@types/webpack/index.d.ts[36m(1033,33): error TS2314: [39mGeneric type 'SyncBailHook<T, R>' requires 2 type argument(s).
node_modules/@types/webpack/index.d.ts[36m(1034,36): error TS2314: [39mGeneric type 'HookMap<H>' requires 1 type argument(s).
node_modules/@types/webpack/index.d.ts[36m(1035,38): error TS2314: [39mGeneric type 'HookMap<H>' requires 1 type argument(s).
node_modules/@types/webpack/index.d.ts[36m(1036,36): error TS2314: [39mGeneric type 'HookMap<H>' requires 1 type argument(s).
node_modules/@types/webpack/index.d.ts[36m(1037,28): error TS2314: [39mGeneric type 'HookMap<H>' requires 1 type argument(s).
node_modules/@types/webpack/index.d.ts[36m(1038,25): error TS2314: [39mGeneric type 'HookMap<H>' requires 1 type argument(s).
node_modules/@types/webpack/index.d.ts[36m(1039,27): error TS2314: [39mGeneric type 'HookMap<H>' requires 1 type argument(s).
node_modules/@types/webpack/index.d.ts[36m(1040,25): error TS2314: [39mGeneric type 'HookMap<H>' requires 1 type argument(s).
node_modules/@types/webpack/index.d.ts[36m(1041,29): error TS2314: [39mGeneric type 'SyncBailHook<T, R>' requires 2 type argument(s).
node_modules/@types/webpack/index.d.ts[36m(1042,23): error TS2314: [39mGeneric type 'HookMap<H>' requires 1 type argument(s).
node_modules/@types/webpack/index.d.ts[36m(1043,32): error TS2314: [39mGeneric type 'HookMap<H>' requires 1 type argument(s).
node_modules/@types/webpack/index.d.ts[36m(1044,22): error TS2314: [39mGeneric type 'HookMap<H>' requires 1 type argument(s).
node_modules/@types/webpack/index.d.ts[36m(1045,29): error TS2314: [39mGeneric type 'HookMap<H>' requires 1 type argument(s).
node_modules/@types/webpack/index.d.ts[36m(1046,38): error TS2314: [39mGeneric type 'HookMap<H>' requires 1 type argument(s).
node_modules/@types/webpack/index.d.ts[36m(1047,48): error TS2314: [39mGeneric type 'SyncBailHook<T, R>' requires 2 type argument(s).
node_modules/@types/webpack/index.d.ts[36m(1048,44): error TS2314: [39mGeneric type 'SyncBailHook<T, R>' requires 2 type argument(s).
node_modules/@types/webpack/index.d.ts[36m(1049,26): error TS2314: [39mGeneric type 'SyncBailHook<T, R>' requires 2 type argument(s).
node_modules/@types/webpack/index.d.ts[36m(1058,28): error TS2314: [39mGeneric type 'AsyncSeriesWaterfallHook<T>' requires 1 type argument(s).
node_modules/@types/webpack/index.d.ts[36m(1059,27): error TS2314: [39mGeneric type 'AsyncSeriesWaterfallHook<T>' requires 1 type argument(s).
node_modules/@types/webpack/index.d.ts[36m(1060,33): error TS2314: [39mGeneric type 'SyncWaterfallHook<T>' requires 1 type argument(s).
node_modules/@types/webpack/index.d.ts[36m(1061,27): error TS2314: [39mGeneric type 'AsyncSeriesWaterfallHook<T>' requires 1 type argument(s).
node_modules/@types/webpack/index.d.ts[36m(1081,21): error TS2707: [39mGeneric type 'SyncHook<T, R>' requires between 1 and 2 type arguments.
node_modules/@types/webpack/index.d.ts[36m(1082,19): error TS2707: [39mGeneric type 'SyncHook<T, R>' requires between 1 and 2 type arguments.
node_modules/@types/webpack/index.d.ts[36m(1084,40): error TS2314: [39mGeneric type 'SyncBailHook<T, R>' requires 2 type argument(s).
node_modules/@types/webpack/index.d.ts[36m(1085,35): error TS2314: [39mGeneric type 'SyncBailHook<T, R>' requires 2 type argument(s).
node_modules/@types/webpack/index.d.ts[36m(1086,43): error TS2314: [39mGeneric type 'SyncBailHook<T, R>' requires 2 type argument(s).
node_modules/@types/webpack/index.d.ts[36m(1089,23): error TS2707: [39mGeneric type 'SyncHook<T, R>' requires between 1 and 2 type arguments.
node_modules/@types/webpack/index.d.ts[36m(1091,35): error TS2314: [39mGeneric type 'SyncBailHook<T, R>' requires 2 type argument(s).
node_modules/@types/webpack/index.d.ts[36m(1092,30): error TS2314: [39mGeneric type 'SyncBailHook<T, R>' requires 2 type argument(s).
node_modules/@types/webpack/index.d.ts[36m(1093,38): error TS2314: [39mGeneric type 'SyncBailHook<T, R>' requires 2 type argument(s).
node_modules/@types/webpack/index.d.ts[36m(1101,27): error TS2314: [39mGeneric type 'AsyncSeriesHook<T>' requires 1 type argument(s).
node_modules/@types/webpack/index.d.ts[36m(1108,27): error TS2314: [39mGeneric type 'SyncBailHook<T, R>' requires 2 type argument(s).
node_modules/@types/webpack/index.d.ts[36m(1127,25): error TS2707: [39mGeneric type 'SyncHook<T, R>' requires between 1 and 2 type arguments.
node_modules/@types/webpack/index.d.ts[36m(1128,24): error TS2707: [39mGeneric type 'SyncHook<T, R>' requires between 1 and 2 type arguments.
node_modules/@types/webpack/index.d.ts[36m(1134,33): error TS2707: [39mGeneric type 'SyncHook<T, R>' requires between 1 and 2 type arguments.
node_modules/@types/webpack/index.d.ts[36m(1135,40): error TS2314: [39mGeneric type 'SyncBailHook<T, R>' requires 2 type argument(s).
node_modules/@types/webpack/index.d.ts[36m(1136,32): error TS2707: [39mGeneric type 'SyncHook<T, R>' requires between 1 and 2 type arguments.
node_modules/@types/webpack/index.d.ts[36m(1141,31): error TS2314: [39mGeneric type 'AsyncSeriesHook<T>' requires 1 type argument(s).
node_modules/@types/webpack/index.d.ts[36m(1147,33): error TS2314: [39mGeneric type 'SyncBailHook<T, R>' requires 2 type argument(s).
node_modules/@types/webpack/index.d.ts[36m(1148,24): error TS2314: [39mGeneric type 'AsyncSeriesHook<T>' requires 1 type argument(s).
node_modules/@types/webpack/index.d.ts[36m(1156,33): error TS2314: [39mGeneric type 'SyncBailHook<T, R>' requires 2 type argument(s).
node_modules/@types/webpack/index.d.ts[36m(1157,28): error TS2707: [39mGeneric type 'SyncHook<T, R>' requires between 1 and 2 type arguments.
node_modules/@types/webpack/index.d.ts[36m(1161,43): error TS2314: [39mGeneric type 'SyncBailHook<T, R>' requires 2 type argument(s).
node_modules/@types/webpack/index.d.ts[36m(1162,38): error TS2314: [39mGeneric type 'SyncBailHook<T, R>' requires 2 type argument(s).
node_modules/@types/webpack/index.d.ts[36m(1163,46): error TS2314: [39mGeneric type 'SyncBailHook<T, R>' requires 2 type argument(s).
node_modules/@types/webpack/index.d.ts[36m(1176,27): error TS2314: [39mGeneric type 'SyncWaterfallHook<T>' requires 1 type argument(s).
node_modules/@types/webpack/index.d.ts[36m(1177,22): error TS2314: [39mGeneric type 'SyncWaterfallHook<T>' requires 1 type argument(s).
node_modules/@types/webpack/index.d.ts[36m(1178,32): error TS2314: [39mGeneric type 'SyncWaterfallHook<T>' requires 1 type argument(s).
node_modules/@types/webpack/index.d.ts[36m(1179,28): error TS2314: [39mGeneric type 'SyncWaterfallHook<T>' requires 1 type argument(s).
node_modules/@types/webpack/index.d.ts[36m(1180,24): error TS2314: [39mGeneric type 'SyncWaterfallHook<T>' requires 1 type argument(s).
node_modules/@types/webpack/index.d.ts[36m(1181,27): error TS2314: [39mGeneric type 'SyncWaterfallHook<T>' requires 1 type argument(s).
node_modules/@types/webpack/index.d.ts[36m(1195,22): error TS2314: [39mGeneric type 'SyncWaterfallHook<T>' requires 1 type argument(s).
node_modules/@types/webpack/index.d.ts[36m(1196,21): error TS2314: [39mGeneric type 'SyncWaterfallHook<T>' requires 1 type argument(s).
node_modules/@types/webpack/index.d.ts[36m(1197,21): error TS2314: [39mGeneric type 'SyncWaterfallHook<T>' requires 1 type argument(s).
node_modules/@types/webpack/index.d.ts[36m(1198,22): error TS2314: [39mGeneric type 'SyncWaterfallHook<T>' requires 1 type argument(s).
node_modules/@types/webpack/index.d.ts[36m(1199,19): error TS2707: [39mGeneric type 'SyncHook<T, R>' requires between 1 and 2 type arguments.
node_modules/@types/webpack/index.d.ts[36m(1286,25): error TS2314: [39mGeneric type 'SyncBailHook<T, R>' requires 2 type argument(s).
node_modules/@types/webpack/index.d.ts[36m(1288,29): error TS2314: [39mGeneric type 'AsyncSeriesHook<T>' requires 1 type argument(s).
node_modules/@types/webpack/index.d.ts[36m(1304,25): error TS2707: [39mGeneric type 'SyncHook<T, R>' requires between 1 and 2 type arguments.
node_modules/@types/webpack/index.d.ts[36m(1305,26): error TS2707: [39mGeneric type 'SyncHook<T, R>' requires between 1 and 2 type arguments.
node_modules/@types/webpack/index.d.ts[36m(1306,31): error TS2707: [39mGeneric type 'SyncHook<T, R>' requires between 1 and 2 type arguments.
node_modules/@types/webpack/index.d.ts[36m(1309,26): error TS2314: [39mGeneric type 'SyncBailHook<T, R>' requires 2 type argument(s).
node_modules/@types/webpack/index.d.ts[36m(1329,25): error TS2707: [39mGeneric type 'SyncHook<T, R>' requires between 1 and 2 type arguments.
node_modules/@types/webpack/index.d.ts[36m(1396,24): error TS2314: [39mGeneric type 'SyncBailHook<T, R>' requires 2 type argument(s).

11:29:27 PM -[31m Found 94 errors. Watching for file changes.[39m
